CRITICAL - 2022-07-12 05:05:18 --> Class 'App\Controllers\LoketModel' not found
in APPPATH\Controllers\Loket.php on line 12.
 1 SYSTEMPATH\CodeIgniter.php(858): App\Controllers\Loket->__construct()
 2 SYSTEMPATH\CodeIgniter.php(457): CodeIgniter\CodeIgniter->createController()
 3 SYSTEMPATH\CodeIgniter.php(349): CodeIgniter\CodeIgniter->handleRequest(null, Object(Config\Cache), false)
 4 FCPATH\index.php(55): CodeIgniter\CodeIgniter->run()
CRITICAL - 2022-07-12 05:06:06 --> Undefined variable: pelayanan
in APPPATH\Views\pelayanan\pelayanan.php on line 23.
 1 APPPATH\Views\pelayanan\pelayanan.php(23): CodeIgniter\Debug\Exceptions->errorHandler(8, 'Undefined variable: pelayanan', 'APPPATH\\Views\\pelayanan\\pelayanan.php', 23, [...])
 2 SYSTEMPATH\View\View.php(213): include('APPPATH\\Views\\pelayanan\\pelayanan.php')
 3 SYSTEMPATH\View\View.php(216): CodeIgniter\View\View->CodeIgniter\View\{closure}()
 4 SYSTEMPATH\Common.php(1135): CodeIgniter\View\View->render('pelayanan/pelayanan', [], true)
 5 APPPATH\Controllers\Loket.php(21): view('pelayanan/pelayanan', [...])
 6 SYSTEMPATH\CodeIgniter.php(896): App\Controllers\Loket->index()
 7 SYSTEMPATH\CodeIgniter.php(466): CodeIgniter\CodeIgniter->runController(Object(App\Controllers\Loket))
 8 SYSTEMPATH\CodeIgniter.php(349): CodeIgniter\CodeIgniter->handleRequest(null, Object(Config\Cache), false)
 9 FCPATH\index.php(55): CodeIgniter\CodeIgniter->run()
CRITICAL - 2022-07-12 05:06:36 --> Undefined variable: pelayanan
in APPPATH\Views\pelayanan\pelayanan.php on line 23.
 1 APPPATH\Views\pelayanan\pelayanan.php(23): CodeIgniter\Debug\Exceptions->errorHandler(8, 'Undefined variable: pelayanan', 'APPPATH\\Views\\pelayanan\\pelayanan.php', 23, [...])
 2 SYSTEMPATH\View\View.php(213): include('APPPATH\\Views\\pelayanan\\pelayanan.php')
 3 SYSTEMPATH\View\View.php(216): CodeIgniter\View\View->CodeIgniter\View\{closure}()
 4 SYSTEMPATH\Common.php(1135): CodeIgniter\View\View->render('pelayanan/pelayanan', [], true)
 5 APPPATH\Controllers\Loket.php(21): view('pelayanan/pelayanan', [...])
 6 SYSTEMPATH\CodeIgniter.php(896): App\Controllers\Loket->index()
 7 SYSTEMPATH\CodeIgniter.php(466): CodeIgniter\CodeIgniter->runController(Object(App\Controllers\Loket))
 8 SYSTEMPATH\CodeIgniter.php(349): CodeIgniter\CodeIgniter->handleRequest(null, Object(Config\Cache), false)
 9 FCPATH\index.php(55): CodeIgniter\CodeIgniter->run()
CRITICAL - 2022-07-12 05:08:42 --> Cannot use object of type stdClass as array
in APPPATH\Views\loket\loket.php on line 25.
 1 SYSTEMPATH\View\View.php(213): include()
 2 SYSTEMPATH\View\View.php(216): CodeIgniter\View\View->CodeIgniter\View\{closure}()
 3 SYSTEMPATH\Common.php(1135): CodeIgniter\View\View->render('loket/loket', [], true)
 4 APPPATH\Controllers\Loket.php(21): view('loket/loket', [...])
 5 SYSTEMPATH\CodeIgniter.php(896): App\Controllers\Loket->index()
 6 SYSTEMPATH\CodeIgniter.php(466): CodeIgniter\CodeIgniter->runController(Object(App\Controllers\Loket))
 7 SYSTEMPATH\CodeIgniter.php(349): CodeIgniter\CodeIgniter->handleRequest(null, Object(Config\Cache), false)
 8 FCPATH\index.php(55): CodeIgniter\CodeIgniter->run()
CRITICAL - 2022-07-12 05:31:53 --> Cannot use object of type stdClass as array
in APPPATH\Views\loket\loket.php on line 25.
 1 SYSTEMPATH\View\View.php(213): include()
 2 SYSTEMPATH\View\View.php(216): CodeIgniter\View\View->CodeIgniter\View\{closure}()
 3 SYSTEMPATH\Common.php(1135): CodeIgniter\View\View->render('loket/loket', [], true)
 4 APPPATH\Controllers\Loket.php(21): view('loket/loket', [...])
 5 SYSTEMPATH\CodeIgniter.php(896): App\Controllers\Loket->index()
 6 SYSTEMPATH\CodeIgniter.php(466): CodeIgniter\CodeIgniter->runController(Object(App\Controllers\Loket))
 7 SYSTEMPATH\CodeIgniter.php(349): CodeIgniter\CodeIgniter->handleRequest(null, Object(Config\Cache), false)
 8 FCPATH\index.php(55): CodeIgniter\CodeIgniter->run()
CRITICAL - 2022-07-12 05:34:41 --> Cannot use object of type stdClass as array
in APPPATH\Views\loket\loket.php on line 30.
 1 SYSTEMPATH\View\View.php(213): include()
 2 SYSTEMPATH\View\View.php(216): CodeIgniter\View\View->CodeIgniter\View\{closure}()
 3 SYSTEMPATH\Common.php(1135): CodeIgniter\View\View->render('loket/loket', [], true)
 4 APPPATH\Controllers\Loket.php(21): view('loket/loket', [...])
 5 SYSTEMPATH\CodeIgniter.php(896): App\Controllers\Loket->index()
 6 SYSTEMPATH\CodeIgniter.php(466): CodeIgniter\CodeIgniter->runController(Object(App\Controllers\Loket))
 7 SYSTEMPATH\CodeIgniter.php(349): CodeIgniter\CodeIgniter->handleRequest(null, Object(Config\Cache), false)
 8 FCPATH\index.php(55): CodeIgniter\CodeIgniter->run()
CRITICAL - 2022-07-12 05:35:43 --> Undefined property: stdClass::$pelayanan
in APPPATH\Views\loket\loket.php on line 28.
 1 APPPATH\Views\loket\loket.php(28): CodeIgniter\Debug\Exceptions->errorHandler(8, 'Undefined property: stdClass::$pelayanan', 'APPPATH\\Views\\loket\\loket.php', 28, [...])
 2 SYSTEMPATH\View\View.php(213): include('APPPATH\\Views\\loket\\loket.php')
 3 SYSTEMPATH\View\View.php(216): CodeIgniter\View\View->CodeIgniter\View\{closure}()
 4 SYSTEMPATH\Common.php(1135): CodeIgniter\View\View->render('loket/loket', [], true)
 5 APPPATH\Controllers\Loket.php(21): view('loket/loket', [...])
 6 SYSTEMPATH\CodeIgniter.php(896): App\Controllers\Loket->index()
 7 SYSTEMPATH\CodeIgniter.php(466): CodeIgniter\CodeIgniter->runController(Object(App\Controllers\Loket))
 8 SYSTEMPATH\CodeIgniter.php(349): CodeIgniter\CodeIgniter->handleRequest(null, Object(Config\Cache), false)
 9 FCPATH\index.php(55): CodeIgniter\CodeIgniter->run()
CRITICAL - 2022-07-12 06:12:43 --> Call to undefined method CodeIgniter\Database\MySQLi\Connection::select()
in APPPATH\Models\LoketModel.php on line 9.
 1 APPPATH\Controllers\Loket.php(19): App\models\LoketModel->getLoket()
 2 SYSTEMPATH\CodeIgniter.php(896): App\Controllers\Loket->index()
 3 SYSTEMPATH\CodeIgniter.php(466): CodeIgniter\CodeIgniter->runController(Object(App\Controllers\Loket))
 4 SYSTEMPATH\CodeIgniter.php(349): CodeIgniter\CodeIgniter->handleRequest(null, Object(Config\Cache), false)
 5 FCPATH\index.php(55): CodeIgniter\CodeIgniter->run()
CRITICAL - 2022-07-12 06:16:02 --> Call to undefined method CodeIgniter\Database\MySQLi\Connection::select()
in APPPATH\Models\LoketModel.php on line 11.
 1 APPPATH\Controllers\Loket.php(19): App\models\LoketModel->getLoket()
 2 SYSTEMPATH\CodeIgniter.php(896): App\Controllers\Loket->index()
 3 SYSTEMPATH\CodeIgniter.php(466): CodeIgniter\CodeIgniter->runController(Object(App\Controllers\Loket))
 4 SYSTEMPATH\CodeIgniter.php(349): CodeIgniter\CodeIgniter->handleRequest(null, Object(Config\Cache), false)
 5 FCPATH\index.php(55): CodeIgniter\CodeIgniter->run()
CRITICAL - 2022-07-12 06:23:52 --> Call to undefined method CodeIgniter\Database\MySQLi\Connection::select()
in APPPATH\Models\LoketModel.php on line 9.
 1 APPPATH\Controllers\Loket.php(19): App\models\LoketModel->getLoket()
 2 SYSTEMPATH\CodeIgniter.php(896): App\Controllers\Loket->index()
 3 SYSTEMPATH\CodeIgniter.php(466): CodeIgniter\CodeIgniter->runController(Object(App\Controllers\Loket))
 4 SYSTEMPATH\CodeIgniter.php(349): CodeIgniter\CodeIgniter->handleRequest(null, Object(Config\Cache), false)
 5 FCPATH\index.php(55): CodeIgniter\CodeIgniter->run()
CRITICAL - 2022-07-12 06:28:29 --> Call to undefined method CodeIgniter\Database\MySQLi\Connection::select()
in APPPATH\Models\LoketModel.php on line 9.
 1 APPPATH\Controllers\Loket.php(19): App\models\LoketModel->getLoket()
 2 SYSTEMPATH\CodeIgniter.php(896): App\Controllers\Loket->index()
 3 SYSTEMPATH\CodeIgniter.php(466): CodeIgniter\CodeIgniter->runController(Object(App\Controllers\Loket))
 4 SYSTEMPATH\CodeIgniter.php(349): CodeIgniter\CodeIgniter->handleRequest(null, Object(Config\Cache), false)
 5 FCPATH\index.php(55): CodeIgniter\CodeIgniter->run()
CRITICAL - 2022-07-12 06:36:23 --> Call to undefined method CodeIgniter\Database\MySQLi\Connection::select()
in APPPATH\Models\LoketModel.php on line 9.
 1 APPPATH\Controllers\Loket.php(19): App\models\LoketModel->getLoket()
 2 SYSTEMPATH\CodeIgniter.php(896): App\Controllers\Loket->index()
 3 SYSTEMPATH\CodeIgniter.php(466): CodeIgniter\CodeIgniter->runController(Object(App\Controllers\Loket))
 4 SYSTEMPATH\CodeIgniter.php(349): CodeIgniter\CodeIgniter->handleRequest(null, Object(Config\Cache), false)
 5 FCPATH\index.php(55): CodeIgniter\CodeIgniter->run()
CRITICAL - 2022-07-12 07:14:42 --> Undefined variable: db
in APPPATH\Models\LoketModel.php on line 13.
 1 APPPATH\Models\LoketModel.php(13): CodeIgniter\Debug\Exceptions->errorHandler(8, 'Undefined variable: db', 'APPPATH\\Models\\LoketModel.php', 13, [])
 2 APPPATH\Controllers\Loket.php(19): App\models\LoketModel->getLoket()
 3 SYSTEMPATH\CodeIgniter.php(896): App\Controllers\Loket->index()
 4 SYSTEMPATH\CodeIgniter.php(466): CodeIgniter\CodeIgniter->runController(Object(App\Controllers\Loket))
 5 SYSTEMPATH\CodeIgniter.php(349): CodeIgniter\CodeIgniter->handleRequest(null, Object(Config\Cache), false)
 6 FCPATH\index.php(55): CodeIgniter\CodeIgniter->run()
CRITICAL - 2022-07-12 07:18:53 --> Undefined variable: db
in APPPATH\Models\LoketModel.php on line 14.
 1 APPPATH\Models\LoketModel.php(14): CodeIgniter\Debug\Exceptions->errorHandler(8, 'Undefined variable: db', 'APPPATH\\Models\\LoketModel.php', 14, [])
 2 APPPATH\Controllers\Loket.php(19): App\models\LoketModel->getLoket()
 3 SYSTEMPATH\CodeIgniter.php(896): App\Controllers\Loket->index()
 4 SYSTEMPATH\CodeIgniter.php(466): CodeIgniter\CodeIgniter->runController(Object(App\Controllers\Loket))
 5 SYSTEMPATH\CodeIgniter.php(349): CodeIgniter\CodeIgniter->handleRequest(null, Object(Config\Cache), false)
 6 FCPATH\index.php(55): CodeIgniter\CodeIgniter->run()
CRITICAL - 2022-07-12 07:18:55 --> Undefined variable: db
in APPPATH\Models\LoketModel.php on line 14.
 1 APPPATH\Models\LoketModel.php(14): CodeIgniter\Debug\Exceptions->errorHandler(8, 'Undefined variable: db', 'APPPATH\\Models\\LoketModel.php', 14, [])
 2 APPPATH\Controllers\Loket.php(19): App\models\LoketModel->getLoket()
 3 SYSTEMPATH\CodeIgniter.php(896): App\Controllers\Loket->index()
 4 SYSTEMPATH\CodeIgniter.php(466): CodeIgniter\CodeIgniter->runController(Object(App\Controllers\Loket))
 5 SYSTEMPATH\CodeIgniter.php(349): CodeIgniter\CodeIgniter->handleRequest(null, Object(Config\Cache), false)
 6 FCPATH\index.php(55): CodeIgniter\CodeIgniter->run()
CRITICAL - 2022-07-12 07:21:47 --> Call to a member function getResult() on null
in APPPATH\Controllers\Loket.php on line 19.
 1 SYSTEMPATH\CodeIgniter.php(896): App\Controllers\Loket->index()
 2 SYSTEMPATH\CodeIgniter.php(466): CodeIgniter\CodeIgniter->runController(Object(App\Controllers\Loket))
 3 SYSTEMPATH\CodeIgniter.php(349): CodeIgniter\CodeIgniter->handleRequest(null, Object(Config\Cache), false)
 4 FCPATH\index.php(55): CodeIgniter\CodeIgniter->run()
CRITICAL - 2022-07-12 07:24:21 --> Undefined property: stdClass::$namapelayanan
in APPPATH\Views\loket\loket.php on line 28.
 1 APPPATH\Views\loket\loket.php(28): CodeIgniter\Debug\Exceptions->errorHandler(8, 'Undefined property: stdClass::$namapelayanan', 'APPPATH\\Views\\loket\\loket.php', 28, [...])
 2 SYSTEMPATH\View\View.php(213): include('APPPATH\\Views\\loket\\loket.php')
 3 SYSTEMPATH\View\View.php(216): CodeIgniter\View\View->CodeIgniter\View\{closure}()
 4 SYSTEMPATH\Common.php(1135): CodeIgniter\View\View->render('loket/loket', [], true)
 5 APPPATH\Controllers\Loket.php(21): view('loket/loket', [...])
 6 SYSTEMPATH\CodeIgniter.php(896): App\Controllers\Loket->index()
 7 SYSTEMPATH\CodeIgniter.php(466): CodeIgniter\CodeIgniter->runController(Object(App\Controllers\Loket))
 8 SYSTEMPATH\CodeIgniter.php(349): CodeIgniter\CodeIgniter->handleRequest(null, Object(Config\Cache), false)
 9 FCPATH\index.php(55): CodeIgniter\CodeIgniter->run()
CRITICAL - 2022-07-12 07:30:06 --> Undefined property: stdClass::$nama
in APPPATH\Views\loket\loket.php on line 26.
 1 APPPATH\Views\loket\loket.php(26): CodeIgniter\Debug\Exceptions->errorHandler(8, 'Undefined property: stdClass::$nama', 'APPPATH\\Views\\loket\\loket.php', 26, [...])
 2 SYSTEMPATH\View\View.php(213): include('APPPATH\\Views\\loket\\loket.php')
 3 SYSTEMPATH\View\View.php(216): CodeIgniter\View\View->CodeIgniter\View\{closure}()
 4 SYSTEMPATH\Common.php(1135): CodeIgniter\View\View->render('loket/loket', [], true)
 5 APPPATH\Controllers\Loket.php(21): view('loket/loket', [...])
 6 SYSTEMPATH\CodeIgniter.php(896): App\Controllers\Loket->index()
 7 SYSTEMPATH\CodeIgniter.php(466): CodeIgniter\CodeIgniter->runController(Object(App\Controllers\Loket))
 8 SYSTEMPATH\CodeIgniter.php(349): CodeIgniter\CodeIgniter->handleRequest(null, Object(Config\Cache), false)
 9 FCPATH\index.php(55): CodeIgniter\CodeIgniter->run()
CRITICAL - 2022-07-12 07:30:54 --> Undefined property: stdClass::$nama
in APPPATH\Views\loket\loket.php on line 28.
 1 APPPATH\Views\loket\loket.php(28): CodeIgniter\Debug\Exceptions->errorHandler(8, 'Undefined property: stdClass::$nama', 'APPPATH\\Views\\loket\\loket.php', 28, [...])
 2 SYSTEMPATH\View\View.php(213): include('APPPATH\\Views\\loket\\loket.php')
 3 SYSTEMPATH\View\View.php(216): CodeIgniter\View\View->CodeIgniter\View\{closure}()
 4 SYSTEMPATH\Common.php(1135): CodeIgniter\View\View->render('loket/loket', [], true)
 5 APPPATH\Controllers\Loket.php(21): view('loket/loket', [...])
 6 SYSTEMPATH\CodeIgniter.php(896): App\Controllers\Loket->index()
 7 SYSTEMPATH\CodeIgniter.php(466): CodeIgniter\CodeIgniter->runController(Object(App\Controllers\Loket))
 8 SYSTEMPATH\CodeIgniter.php(349): CodeIgniter\CodeIgniter->handleRequest(null, Object(Config\Cache), false)
 9 FCPATH\index.php(55): CodeIgniter\CodeIgniter->run()
CRITICAL - 2022-07-12 07:56:11 --> Cannot use object of type stdClass as array
in APPPATH\Views\loket\loket.php on line 30.
 1 SYSTEMPATH\View\View.php(213): include()
 2 SYSTEMPATH\View\View.php(216): CodeIgniter\View\View->CodeIgniter\View\{closure}()
 3 SYSTEMPATH\Common.php(1135): CodeIgniter\View\View->render('loket/loket', [], true)
 4 APPPATH\Controllers\Loket.php(21): view('loket/loket', [...])
 5 SYSTEMPATH\CodeIgniter.php(896): App\Controllers\Loket->index()
 6 SYSTEMPATH\CodeIgniter.php(466): CodeIgniter\CodeIgniter->runController(Object(App\Controllers\Loket))
 7 SYSTEMPATH\CodeIgniter.php(349): CodeIgniter\CodeIgniter->handleRequest(null, Object(Config\Cache), false)
 8 FCPATH\index.php(55): CodeIgniter\CodeIgniter->run()
CRITICAL - 2022-07-12 08:23:01 --> Undefined variable: data_loket
in APPPATH\Views\loket\tambahloket.php on line 24.
 1 APPPATH\Views\loket\tambahloket.php(24): CodeIgniter\Debug\Exceptions->errorHandler(8, 'Undefined variable: data_loket', 'APPPATH\\Views\\loket\\tambahloket.php', 24, [...])
 2 SYSTEMPATH\View\View.php(213): include('APPPATH\\Views\\loket\\tambahloket.php')
 3 SYSTEMPATH\View\View.php(216): CodeIgniter\View\View->CodeIgniter\View\{closure}()
 4 SYSTEMPATH\Common.php(1135): CodeIgniter\View\View->render('loket/tambahloket', [], true)
 5 APPPATH\Controllers\Loket.php(47): view('loket/tambahloket', [...])
 6 SYSTEMPATH\CodeIgniter.php(896): App\Controllers\Loket->add()
 7 SYSTEMPATH\CodeIgniter.php(466): CodeIgniter\CodeIgniter->runController(Object(App\Controllers\Loket))
 8 SYSTEMPATH\CodeIgniter.php(349): CodeIgniter\CodeIgniter->handleRequest(null, Object(Config\Cache), false)
 9 FCPATH\index.php(55): CodeIgniter\CodeIgniter->run()
CRITICAL - 2022-07-12 08:23:22 --> Trying to get property 'id_master' of non-object
in APPPATH\Views\loket\tambahloket.php on line 25.
 1 APPPATH\Views\loket\tambahloket.php(25): CodeIgniter\Debug\Exceptions->errorHandler(8, 'Trying to get property \'id_master\' of non-object', 'APPPATH\\Views\\loket\\tambahloket.php', 25, [...])
 2 SYSTEMPATH\View\View.php(213): include('APPPATH\\Views\\loket\\tambahloket.php')
 3 SYSTEMPATH\View\View.php(216): CodeIgniter\View\View->CodeIgniter\View\{closure}()
 4 SYSTEMPATH\Common.php(1135): CodeIgniter\View\View->render('loket/tambahloket', [], true)
 5 APPPATH\Controllers\Loket.php(47): view('loket/tambahloket', [...])
 6 SYSTEMPATH\CodeIgniter.php(896): App\Controllers\Loket->add()
 7 SYSTEMPATH\CodeIgniter.php(466): CodeIgniter\CodeIgniter->runController(Object(App\Controllers\Loket))
 8 SYSTEMPATH\CodeIgniter.php(349): CodeIgniter\CodeIgniter->handleRequest(null, Object(Config\Cache), false)
 9 FCPATH\index.php(55): CodeIgniter\CodeIgniter->run()
CRITICAL - 2022-07-12 08:23:38 --> Trying to get property 'id' of non-object
in APPPATH\Views\loket\tambahloket.php on line 25.
 1 APPPATH\Views\loket\tambahloket.php(25): CodeIgniter\Debug\Exceptions->errorHandler(8, 'Trying to get property \'id\' of non-object', 'APPPATH\\Views\\loket\\tambahloket.php', 25, [...])
 2 SYSTEMPATH\View\View.php(213): include('APPPATH\\Views\\loket\\tambahloket.php')
 3 SYSTEMPATH\View\View.php(216): CodeIgniter\View\View->CodeIgniter\View\{closure}()
 4 SYSTEMPATH\Common.php(1135): CodeIgniter\View\View->render('loket/tambahloket', [], true)
 5 APPPATH\Controllers\Loket.php(47): view('loket/tambahloket', [...])
 6 SYSTEMPATH\CodeIgniter.php(896): App\Controllers\Loket->add()
 7 SYSTEMPATH\CodeIgniter.php(466): CodeIgniter\CodeIgniter->runController(Object(App\Controllers\Loket))
 8 SYSTEMPATH\CodeIgniter.php(349): CodeIgniter\CodeIgniter->handleRequest(null, Object(Config\Cache), false)
 9 FCPATH\index.php(55): CodeIgniter\CodeIgniter->run()
CRITICAL - 2022-07-12 08:23:40 --> Trying to get property 'id' of non-object
in APPPATH\Views\loket\tambahloket.php on line 25.
 1 APPPATH\Views\loket\tambahloket.php(25): CodeIgniter\Debug\Exceptions->errorHandler(8, 'Trying to get property \'id\' of non-object', 'APPPATH\\Views\\loket\\tambahloket.php', 25, [...])
 2 SYSTEMPATH\View\View.php(213): include('APPPATH\\Views\\loket\\tambahloket.php')
 3 SYSTEMPATH\View\View.php(216): CodeIgniter\View\View->CodeIgniter\View\{closure}()
 4 SYSTEMPATH\Common.php(1135): CodeIgniter\View\View->render('loket/tambahloket', [], true)
 5 APPPATH\Controllers\Loket.php(47): view('loket/tambahloket', [...])
 6 SYSTEMPATH\CodeIgniter.php(896): App\Controllers\Loket->add()
 7 SYSTEMPATH\CodeIgniter.php(466): CodeIgniter\CodeIgniter->runController(Object(App\Controllers\Loket))
 8 SYSTEMPATH\CodeIgniter.php(349): CodeIgniter\CodeIgniter->handleRequest(null, Object(Config\Cache), false)
 9 FCPATH\index.php(55): CodeIgniter\CodeIgniter->run()
CRITICAL - 2022-07-12 08:23:42 --> Trying to get property 'id' of non-object
in APPPATH\Views\loket\tambahloket.php on line 25.
 1 APPPATH\Views\loket\tambahloket.php(25): CodeIgniter\Debug\Exceptions->errorHandler(8, 'Trying to get property \'id\' of non-object', 'APPPATH\\Views\\loket\\tambahloket.php', 25, [...])
 2 SYSTEMPATH\View\View.php(213): include('APPPATH\\Views\\loket\\tambahloket.php')
 3 SYSTEMPATH\View\View.php(216): CodeIgniter\View\View->CodeIgniter\View\{closure}()
 4 SYSTEMPATH\Common.php(1135): CodeIgniter\View\View->render('loket/tambahloket', [], true)
 5 APPPATH\Controllers\Loket.php(47): view('loket/tambahloket', [...])
 6 SYSTEMPATH\CodeIgniter.php(896): App\Controllers\Loket->add()
 7 SYSTEMPATH\CodeIgniter.php(466): CodeIgniter\CodeIgniter->runController(Object(App\Controllers\Loket))
 8 SYSTEMPATH\CodeIgniter.php(349): CodeIgniter\CodeIgniter->handleRequest(null, Object(Config\Cache), false)
 9 FCPATH\index.php(55): CodeIgniter\CodeIgniter->run()
CRITICAL - 2022-07-12 08:26:41 --> Trying to get property 'id' of non-object
in APPPATH\Views\loket\tambahloket.php on line 25.
 1 APPPATH\Views\loket\tambahloket.php(25): CodeIgniter\Debug\Exceptions->errorHandler(8, 'Trying to get property \'id\' of non-object', 'APPPATH\\Views\\loket\\tambahloket.php', 25, [...])
 2 SYSTEMPATH\View\View.php(213): include('APPPATH\\Views\\loket\\tambahloket.php')
 3 SYSTEMPATH\View\View.php(216): CodeIgniter\View\View->CodeIgniter\View\{closure}()
 4 SYSTEMPATH\Common.php(1135): CodeIgniter\View\View->render('loket/tambahloket', [], true)
 5 APPPATH\Controllers\Loket.php(47): view('loket/tambahloket', [...])
 6 SYSTEMPATH\CodeIgniter.php(896): App\Controllers\Loket->add()
 7 SYSTEMPATH\CodeIgniter.php(466): CodeIgniter\CodeIgniter->runController(Object(App\Controllers\Loket))
 8 SYSTEMPATH\CodeIgniter.php(349): CodeIgniter\CodeIgniter->handleRequest(null, Object(Config\Cache), false)
 9 FCPATH\index.php(55): CodeIgniter\CodeIgniter->run()
CRITICAL - 2022-07-12 08:26:43 --> Trying to get property 'id' of non-object
in APPPATH\Views\loket\tambahloket.php on line 25.
 1 APPPATH\Views\loket\tambahloket.php(25): CodeIgniter\Debug\Exceptions->errorHandler(8, 'Trying to get property \'id\' of non-object', 'APPPATH\\Views\\loket\\tambahloket.php', 25, [...])
 2 SYSTEMPATH\View\View.php(213): include('APPPATH\\Views\\loket\\tambahloket.php')
 3 SYSTEMPATH\View\View.php(216): CodeIgniter\View\View->CodeIgniter\View\{closure}()
 4 SYSTEMPATH\Common.php(1135): CodeIgniter\View\View->render('loket/tambahloket', [], true)
 5 APPPATH\Controllers\Loket.php(47): view('loket/tambahloket', [...])
 6 SYSTEMPATH\CodeIgniter.php(896): App\Controllers\Loket->add()
 7 SYSTEMPATH\CodeIgniter.php(466): CodeIgniter\CodeIgniter->runController(Object(App\Controllers\Loket))
 8 SYSTEMPATH\CodeIgniter.php(349): CodeIgniter\CodeIgniter->handleRequest(null, Object(Config\Cache), false)
 9 FCPATH\index.php(55): CodeIgniter\CodeIgniter->run()
CRITICAL - 2022-07-12 08:26:43 --> Trying to get property 'id' of non-object
in APPPATH\Views\loket\tambahloket.php on line 25.
 1 APPPATH\Views\loket\tambahloket.php(25): CodeIgniter\Debug\Exceptions->errorHandler(8, 'Trying to get property \'id\' of non-object', 'APPPATH\\Views\\loket\\tambahloket.php', 25, [...])
 2 SYSTEMPATH\View\View.php(213): include('APPPATH\\Views\\loket\\tambahloket.php')
 3 SYSTEMPATH\View\View.php(216): CodeIgniter\View\View->CodeIgniter\View\{closure}()
 4 SYSTEMPATH\Common.php(1135): CodeIgniter\View\View->render('loket/tambahloket', [], true)
 5 APPPATH\Controllers\Loket.php(47): view('loket/tambahloket', [...])
 6 SYSTEMPATH\CodeIgniter.php(896): App\Controllers\Loket->add()
 7 SYSTEMPATH\CodeIgniter.php(466): CodeIgniter\CodeIgniter->runController(Object(App\Controllers\Loket))
 8 SYSTEMPATH\CodeIgniter.php(349): CodeIgniter\CodeIgniter->handleRequest(null, Object(Config\Cache), false)
 9 FCPATH\index.php(55): CodeIgniter\CodeIgniter->run()
CRITICAL - 2022-07-12 08:26:44 --> Trying to get property 'id' of non-object
in APPPATH\Views\loket\tambahloket.php on line 25.
 1 APPPATH\Views\loket\tambahloket.php(25): CodeIgniter\Debug\Exceptions->errorHandler(8, 'Trying to get property \'id\' of non-object', 'APPPATH\\Views\\loket\\tambahloket.php', 25, [...])
 2 SYSTEMPATH\View\View.php(213): include('APPPATH\\Views\\loket\\tambahloket.php')
 3 SYSTEMPATH\View\View.php(216): CodeIgniter\View\View->CodeIgniter\View\{closure}()
 4 SYSTEMPATH\Common.php(1135): CodeIgniter\View\View->render('loket/tambahloket', [], true)
 5 APPPATH\Controllers\Loket.php(47): view('loket/tambahloket', [...])
 6 SYSTEMPATH\CodeIgniter.php(896): App\Controllers\Loket->add()
 7 SYSTEMPATH\CodeIgniter.php(466): CodeIgniter\CodeIgniter->runController(Object(App\Controllers\Loket))
 8 SYSTEMPATH\CodeIgniter.php(349): CodeIgniter\CodeIgniter->handleRequest(null, Object(Config\Cache), false)
 9 FCPATH\index.php(55): CodeIgniter\CodeIgniter->run()
CRITICAL - 2022-07-12 08:26:44 --> Trying to get property 'id' of non-object
in APPPATH\Views\loket\tambahloket.php on line 25.
 1 APPPATH\Views\loket\tambahloket.php(25): CodeIgniter\Debug\Exceptions->errorHandler(8, 'Trying to get property \'id\' of non-object', 'APPPATH\\Views\\loket\\tambahloket.php', 25, [...])
 2 SYSTEMPATH\View\View.php(213): include('APPPATH\\Views\\loket\\tambahloket.php')
 3 SYSTEMPATH\View\View.php(216): CodeIgniter\View\View->CodeIgniter\View\{closure}()
 4 SYSTEMPATH\Common.php(1135): CodeIgniter\View\View->render('loket/tambahloket', [], true)
 5 APPPATH\Controllers\Loket.php(47): view('loket/tambahloket', [...])
 6 SYSTEMPATH\CodeIgniter.php(896): App\Controllers\Loket->add()
 7 SYSTEMPATH\CodeIgniter.php(466): CodeIgniter\CodeIgniter->runController(Object(App\Controllers\Loket))
 8 SYSTEMPATH\CodeIgniter.php(349): CodeIgniter\CodeIgniter->handleRequest(null, Object(Config\Cache), false)
 9 FCPATH\index.php(55): CodeIgniter\CodeIgniter->run()
CRITICAL - 2022-07-12 08:36:53 --> Trying to get property 'nama' of non-object
in APPPATH\Views\loket\tambahloket.php on line 25.
 1 APPPATH\Views\loket\tambahloket.php(25): CodeIgniter\Debug\Exceptions->errorHandler(8, 'Trying to get property \'nama\' of non-object', 'APPPATH\\Views\\loket\\tambahloket.php', 25, [...])
 2 SYSTEMPATH\View\View.php(213): include('APPPATH\\Views\\loket\\tambahloket.php')
 3 SYSTEMPATH\View\View.php(216): CodeIgniter\View\View->CodeIgniter\View\{closure}()
 4 SYSTEMPATH\Common.php(1135): CodeIgniter\View\View->render('loket/tambahloket', [], true)
 5 APPPATH\Controllers\Loket.php(47): view('loket/tambahloket', [...])
 6 SYSTEMPATH\CodeIgniter.php(896): App\Controllers\Loket->add()
 7 SYSTEMPATH\CodeIgniter.php(466): CodeIgniter\CodeIgniter->runController(Object(App\Controllers\Loket))
 8 SYSTEMPATH\CodeIgniter.php(349): CodeIgniter\CodeIgniter->handleRequest(null, Object(Config\Cache), false)
 9 FCPATH\index.php(55): CodeIgniter\CodeIgniter->run()
CRITICAL - 2022-07-12 08:47:10 --> Undefined variable: modelloket
in APPPATH\Controllers\Loket.php on line 36.
 1 APPPATH\Controllers\Loket.php(36): CodeIgniter\Debug\Exceptions->errorHandler(8, 'Undefined variable: modelloket', 'APPPATH\\Controllers\\Loket.php', 36, [...])
 2 SYSTEMPATH\CodeIgniter.php(896): App\Controllers\Loket->add()
 3 SYSTEMPATH\CodeIgniter.php(466): CodeIgniter\CodeIgniter->runController(Object(App\Controllers\Loket))
 4 SYSTEMPATH\CodeIgniter.php(349): CodeIgniter\CodeIgniter->handleRequest(null, Object(Config\Cache), false)
 5 FCPATH\index.php(55): CodeIgniter\CodeIgniter->run()
CRITICAL - 2022-07-12 09:03:38 --> Undefined variable: pelayanandata
in APPPATH\Views\loket\editloket.php on line 22.
 1 APPPATH\Views\loket\editloket.php(22): CodeIgniter\Debug\Exceptions->errorHandler(8, 'Undefined variable: pelayanandata', 'APPPATH\\Views\\loket\\editloket.php', 22, [...])
 2 SYSTEMPATH\View\View.php(213): include('APPPATH\\Views\\loket\\editloket.php')
 3 SYSTEMPATH\View\View.php(216): CodeIgniter\View\View->CodeIgniter\View\{closure}()
 4 SYSTEMPATH\Common.php(1135): CodeIgniter\View\View->render('loket/editloket', [], true)
 5 APPPATH\Controllers\Loket.php(74): view('loket/editloket', [...])
 6 SYSTEMPATH\CodeIgniter.php(896): App\Controllers\Loket->edit('1')
 7 SYSTEMPATH\CodeIgniter.php(466): CodeIgniter\CodeIgniter->runController(Object(App\Controllers\Loket))
 8 SYSTEMPATH\CodeIgniter.php(349): CodeIgniter\CodeIgniter->handleRequest(null, Object(Config\Cache), false)
 9 FCPATH\index.php(55): CodeIgniter\CodeIgniter->run()
CRITICAL - 2022-07-12 11:08:15 --> Undefined variable: title
in APPPATH\Views\home.php on line 11.
 1 APPPATH\Views\home.php(11): CodeIgniter\Debug\Exceptions->errorHandler(8, 'Undefined variable: title', 'APPPATH\\Views\\home.php', 11, [])
 2 SYSTEMPATH\View\View.php(213): include('APPPATH\\Views\\home.php')
 3 SYSTEMPATH\View\View.php(216): CodeIgniter\View\View->CodeIgniter\View\{closure}()
 4 SYSTEMPATH\Common.php(1135): CodeIgniter\View\View->render('home', [], true)
 5 APPPATH\Controllers\Home.php(10): view('home')
 6 SYSTEMPATH\CodeIgniter.php(896): App\Controllers\Home->index()
 7 SYSTEMPATH\CodeIgniter.php(466): CodeIgniter\CodeIgniter->runController(Object(App\Controllers\Home))
 8 SYSTEMPATH\CodeIgniter.php(349): CodeIgniter\CodeIgniter->handleRequest(null, Object(Config\Cache), false)
 9 FCPATH\index.php(55): CodeIgniter\CodeIgniter->run()
CRITICAL - 2022-07-12 11:13:52 --> Argument 2 passed to view() must be of the type array, string given, called in C:\xampp\htdocs\antrian\app\Controllers\Home.php on line 11
in SYSTEMPATH\Common.php on line 1121.
 1 APPPATH\Controllers\Home.php(11): view('home', 'Aplikasi Antrian')
 2 SYSTEMPATH\CodeIgniter.php(896): App\Controllers\Home->index()
 3 SYSTEMPATH\CodeIgniter.php(466): CodeIgniter\CodeIgniter->runController(Object(App\Controllers\Home))
 4 SYSTEMPATH\CodeIgniter.php(349): CodeIgniter\CodeIgniter->handleRequest(null, Object(Config\Cache), false)
 5 FCPATH\index.php(55): CodeIgniter\CodeIgniter->run()
CRITICAL - 2022-07-12 11:54:42 --> Undefined variable: data
in APPPATH\Views\antrian\ambilantrian.php on line 37.
 1 APPPATH\Views\antrian\ambilantrian.php(37): CodeIgniter\Debug\Exceptions->errorHandler(8, 'Undefined variable: data', 'APPPATH\\Views\\antrian\\ambilantrian.php', 37, [...])
 2 SYSTEMPATH\View\View.php(213): include('APPPATH\\Views\\antrian\\ambilantrian.php')
 3 SYSTEMPATH\View\View.php(216): CodeIgniter\View\View->CodeIgniter\View\{closure}()
 4 SYSTEMPATH\Common.php(1135): CodeIgniter\View\View->render('antrian/ambilantrian', [], true)
 5 APPPATH\Controllers\AmbilAntrian.php(12): view('antrian/ambilantrian', [...])
 6 SYSTEMPATH\CodeIgniter.php(896): App\Controllers\AmbilAntrian->index()
 7 SYSTEMPATH\CodeIgniter.php(466): CodeIgniter\CodeIgniter->runController(Object(App\Controllers\AmbilAntrian))
 8 SYSTEMPATH\CodeIgniter.php(349): CodeIgniter\CodeIgniter->handleRequest(null, Object(Config\Cache), false)
 9 FCPATH\index.php(55): CodeIgniter\CodeIgniter->run()
CRITICAL - 2022-07-12 11:56:07 --> Undefined variable: data
in APPPATH\Views\antrian\ambilantrian.php on line 37.
 1 APPPATH\Views\antrian\ambilantrian.php(37): CodeIgniter\Debug\Exceptions->errorHandler(8, 'Undefined variable: data', 'APPPATH\\Views\\antrian\\ambilantrian.php', 37, [...])
 2 SYSTEMPATH\View\View.php(213): include('APPPATH\\Views\\antrian\\ambilantrian.php')
 3 SYSTEMPATH\View\View.php(216): CodeIgniter\View\View->CodeIgniter\View\{closure}()
 4 SYSTEMPATH\Common.php(1135): CodeIgniter\View\View->render('antrian/ambilantrian', [], true)
 5 APPPATH\Controllers\AmbilAntrian.php(12): view('antrian/ambilantrian', [...])
 6 SYSTEMPATH\CodeIgniter.php(896): App\Controllers\AmbilAntrian->index()
 7 SYSTEMPATH\CodeIgniter.php(466): CodeIgniter\CodeIgniter->runController(Object(App\Controllers\AmbilAntrian))
 8 SYSTEMPATH\CodeIgniter.php(349): CodeIgniter\CodeIgniter->handleRequest(null, Object(Config\Cache), false)
 9 FCPATH\index.php(55): CodeIgniter\CodeIgniter->run()
CRITICAL - 2022-07-12 11:56:09 --> Undefined variable: data
in APPPATH\Views\antrian\ambilantrian.php on line 37.
 1 APPPATH\Views\antrian\ambilantrian.php(37): CodeIgniter\Debug\Exceptions->errorHandler(8, 'Undefined variable: data', 'APPPATH\\Views\\antrian\\ambilantrian.php', 37, [...])
 2 SYSTEMPATH\View\View.php(213): include('APPPATH\\Views\\antrian\\ambilantrian.php')
 3 SYSTEMPATH\View\View.php(216): CodeIgniter\View\View->CodeIgniter\View\{closure}()
 4 SYSTEMPATH\Common.php(1135): CodeIgniter\View\View->render('antrian/ambilantrian', [], true)
 5 APPPATH\Controllers\AmbilAntrian.php(12): view('antrian/ambilantrian', [...])
 6 SYSTEMPATH\CodeIgniter.php(896): App\Controllers\AmbilAntrian->index()
 7 SYSTEMPATH\CodeIgniter.php(466): CodeIgniter\CodeIgniter->runController(Object(App\Controllers\AmbilAntrian))
 8 SYSTEMPATH\CodeIgniter.php(349): CodeIgniter\CodeIgniter->handleRequest(null, Object(Config\Cache), false)
 9 FCPATH\index.php(55): CodeIgniter\CodeIgniter->run()
CRITICAL - 2022-07-12 11:56:10 --> Undefined variable: data
in APPPATH\Views\antrian\ambilantrian.php on line 37.
 1 APPPATH\Views\antrian\ambilantrian.php(37): CodeIgniter\Debug\Exceptions->errorHandler(8, 'Undefined variable: data', 'APPPATH\\Views\\antrian\\ambilantrian.php', 37, [...])
 2 SYSTEMPATH\View\View.php(213): include('APPPATH\\Views\\antrian\\ambilantrian.php')
 3 SYSTEMPATH\View\View.php(216): CodeIgniter\View\View->CodeIgniter\View\{closure}()
 4 SYSTEMPATH\Common.php(1135): CodeIgniter\View\View->render('antrian/ambilantrian', [], true)
 5 APPPATH\Controllers\AmbilAntrian.php(12): view('antrian/ambilantrian', [...])
 6 SYSTEMPATH\CodeIgniter.php(896): App\Controllers\AmbilAntrian->index()
 7 SYSTEMPATH\CodeIgniter.php(466): CodeIgniter\CodeIgniter->runController(Object(App\Controllers\AmbilAntrian))
 8 SYSTEMPATH\CodeIgniter.php(349): CodeIgniter\CodeIgniter->handleRequest(null, Object(Config\Cache), false)
 9 FCPATH\index.php(55): CodeIgniter\CodeIgniter->run()
CRITICAL - 2022-07-12 11:56:11 --> Undefined variable: data
in APPPATH\Views\antrian\ambilantrian.php on line 37.
 1 APPPATH\Views\antrian\ambilantrian.php(37): CodeIgniter\Debug\Exceptions->errorHandler(8, 'Undefined variable: data', 'APPPATH\\Views\\antrian\\ambilantrian.php', 37, [...])
 2 SYSTEMPATH\View\View.php(213): include('APPPATH\\Views\\antrian\\ambilantrian.php')
 3 SYSTEMPATH\View\View.php(216): CodeIgniter\View\View->CodeIgniter\View\{closure}()
 4 SYSTEMPATH\Common.php(1135): CodeIgniter\View\View->render('antrian/ambilantrian', [], true)
 5 APPPATH\Controllers\AmbilAntrian.php(12): view('antrian/ambilantrian', [...])
 6 SYSTEMPATH\CodeIgniter.php(896): App\Controllers\AmbilAntrian->index()
 7 SYSTEMPATH\CodeIgniter.php(466): CodeIgniter\CodeIgniter->runController(Object(App\Controllers\AmbilAntrian))
 8 SYSTEMPATH\CodeIgniter.php(349): CodeIgniter\CodeIgniter->handleRequest(null, Object(Config\Cache), false)
 9 FCPATH\index.php(55): CodeIgniter\CodeIgniter->run()
CRITICAL - 2022-07-12 11:56:11 --> Undefined variable: data
in APPPATH\Views\antrian\ambilantrian.php on line 37.
 1 APPPATH\Views\antrian\ambilantrian.php(37): CodeIgniter\Debug\Exceptions->errorHandler(8, 'Undefined variable: data', 'APPPATH\\Views\\antrian\\ambilantrian.php', 37, [...])
 2 SYSTEMPATH\View\View.php(213): include('APPPATH\\Views\\antrian\\ambilantrian.php')
 3 SYSTEMPATH\View\View.php(216): CodeIgniter\View\View->CodeIgniter\View\{closure}()
 4 SYSTEMPATH\Common.php(1135): CodeIgniter\View\View->render('antrian/ambilantrian', [], true)
 5 APPPATH\Controllers\AmbilAntrian.php(12): view('antrian/ambilantrian', [...])
 6 SYSTEMPATH\CodeIgniter.php(896): App\Controllers\AmbilAntrian->index()
 7 SYSTEMPATH\CodeIgniter.php(466): CodeIgniter\CodeIgniter->runController(Object(App\Controllers\AmbilAntrian))
 8 SYSTEMPATH\CodeIgniter.php(349): CodeIgniter\CodeIgniter->handleRequest(null, Object(Config\Cache), false)
 9 FCPATH\index.php(55): CodeIgniter\CodeIgniter->run()
CRITICAL - 2022-07-12 11:56:11 --> Undefined variable: data
in APPPATH\Views\antrian\ambilantrian.php on line 37.
 1 APPPATH\Views\antrian\ambilantrian.php(37): CodeIgniter\Debug\Exceptions->errorHandler(8, 'Undefined variable: data', 'APPPATH\\Views\\antrian\\ambilantrian.php', 37, [...])
 2 SYSTEMPATH\View\View.php(213): include('APPPATH\\Views\\antrian\\ambilantrian.php')
 3 SYSTEMPATH\View\View.php(216): CodeIgniter\View\View->CodeIgniter\View\{closure}()
 4 SYSTEMPATH\Common.php(1135): CodeIgniter\View\View->render('antrian/ambilantrian', [], true)
 5 APPPATH\Controllers\AmbilAntrian.php(12): view('antrian/ambilantrian', [...])
 6 SYSTEMPATH\CodeIgniter.php(896): App\Controllers\AmbilAntrian->index()
 7 SYSTEMPATH\CodeIgniter.php(466): CodeIgniter\CodeIgniter->runController(Object(App\Controllers\AmbilAntrian))
 8 SYSTEMPATH\CodeIgniter.php(349): CodeIgniter\CodeIgniter->handleRequest(null, Object(Config\Cache), false)
 9 FCPATH\index.php(55): CodeIgniter\CodeIgniter->run()
CRITICAL - 2022-07-12 13:48:37 --> Undefined variable: pelayanandata
in APPPATH\Views\antrian\ambilantrian.php on line 35.
 1 APPPATH\Views\antrian\ambilantrian.php(35): CodeIgniter\Debug\Exceptions->errorHandler(8, 'Undefined variable: pelayanandata', 'APPPATH\\Views\\antrian\\ambilantrian.php', 35, [...])
 2 SYSTEMPATH\View\View.php(213): include('APPPATH\\Views\\antrian\\ambilantrian.php')
 3 SYSTEMPATH\View\View.php(216): CodeIgniter\View\View->CodeIgniter\View\{closure}()
 4 SYSTEMPATH\Common.php(1135): CodeIgniter\View\View->render('antrian/ambilantrian', [], true)
 5 APPPATH\Controllers\AmbilAntrian.php(12): view('antrian/ambilantrian', [...])
 6 SYSTEMPATH\CodeIgniter.php(896): App\Controllers\AmbilAntrian->index()
 7 SYSTEMPATH\CodeIgniter.php(466): CodeIgniter\CodeIgniter->runController(Object(App\Controllers\AmbilAntrian))
 8 SYSTEMPATH\CodeIgniter.php(349): CodeIgniter\CodeIgniter->handleRequest(null, Object(Config\Cache), false)
 9 FCPATH\index.php(55): CodeIgniter\CodeIgniter->run()
CRITICAL - 2022-07-12 14:48:26 --> Undefined variable: data
in APPPATH\Views\antrian\ambilantrian.php on line 37.
 1 APPPATH\Views\antrian\ambilantrian.php(37): CodeIgniter\Debug\Exceptions->errorHandler(8, 'Undefined variable: data', 'APPPATH\\Views\\antrian\\ambilantrian.php', 37, [...])
 2 SYSTEMPATH\View\View.php(213): include('APPPATH\\Views\\antrian\\ambilantrian.php')
 3 SYSTEMPATH\View\View.php(216): CodeIgniter\View\View->CodeIgniter\View\{closure}()
 4 SYSTEMPATH\Common.php(1135): CodeIgniter\View\View->render('antrian/ambilantrian', [], true)
 5 APPPATH\Controllers\AmbilAntrian.php(15): view('antrian/ambilantrian', [...])
 6 SYSTEMPATH\CodeIgniter.php(896): App\Controllers\AmbilAntrian->index()
 7 SYSTEMPATH\CodeIgniter.php(466): CodeIgniter\CodeIgniter->runController(Object(App\Controllers\AmbilAntrian))
 8 SYSTEMPATH\CodeIgniter.php(349): CodeIgniter\CodeIgniter->handleRequest(null, Object(Config\Cache), false)
 9 FCPATH\index.php(55): CodeIgniter\CodeIgniter->run()
CRITICAL - 2022-07-12 14:49:03 --> Undefined variable: row
in APPPATH\Views\antrian\ambilantrian.php on line 37.
 1 APPPATH\Views\antrian\ambilantrian.php(37): CodeIgniter\Debug\Exceptions->errorHandler(8, 'Undefined variable: row', 'APPPATH\\Views\\antrian\\ambilantrian.php', 37, [...])
 2 SYSTEMPATH\View\View.php(213): include('APPPATH\\Views\\antrian\\ambilantrian.php')
 3 SYSTEMPATH\View\View.php(216): CodeIgniter\View\View->CodeIgniter\View\{closure}()
 4 SYSTEMPATH\Common.php(1135): CodeIgniter\View\View->render('antrian/ambilantrian', [], true)
 5 APPPATH\Controllers\AmbilAntrian.php(15): view('antrian/ambilantrian', [...])
 6 SYSTEMPATH\CodeIgniter.php(896): App\Controllers\AmbilAntrian->index()
 7 SYSTEMPATH\CodeIgniter.php(466): CodeIgniter\CodeIgniter->runController(Object(App\Controllers\AmbilAntrian))
 8 SYSTEMPATH\CodeIgniter.php(349): CodeIgniter\CodeIgniter->handleRequest(null, Object(Config\Cache), false)
 9 FCPATH\index.php(55): CodeIgniter\CodeIgniter->run()
CRITICAL - 2022-07-12 14:56:10 --> Class 'App\Models\AntrianModel' not found
in APPPATH\Controllers\AmbilAntrian.php on line 19.
 1 SYSTEMPATH\CodeIgniter.php(896): App\Controllers\AmbilAntrian->ambil()
 2 SYSTEMPATH\CodeIgniter.php(466): CodeIgniter\CodeIgniter->runController(Object(App\Controllers\AmbilAntrian))
 3 SYSTEMPATH\CodeIgniter.php(349): CodeIgniter\CodeIgniter->handleRequest(null, Object(Config\Cache), false)
 4 FCPATH\index.php(55): CodeIgniter\CodeIgniter->run()
CRITICAL - 2022-07-12 15:00:24 --> Class 'App\Models\AntrianModel' not found
in APPPATH\Controllers\AmbilAntrian.php on line 19.
 1 SYSTEMPATH\CodeIgniter.php(896): App\Controllers\AmbilAntrian->ambil()
 2 SYSTEMPATH\CodeIgniter.php(466): CodeIgniter\CodeIgniter->runController(Object(App\Controllers\AmbilAntrian))
 3 SYSTEMPATH\CodeIgniter.php(349): CodeIgniter\CodeIgniter->handleRequest(null, Object(Config\Cache), false)
 4 FCPATH\index.php(55): CodeIgniter\CodeIgniter->run()
CRITICAL - 2022-07-12 15:01:39 --> Undefined property: App\Controllers\AmbilAntrian::$antrian
in APPPATH\Controllers\AmbilAntrian.php on line 33.
 1 APPPATH\Controllers\AmbilAntrian.php(33): CodeIgniter\Debug\Exceptions->errorHandler(8, 'Undefined property: App\\Controllers\\AmbilAntrian::$antrian', 'APPPATH\\Controllers\\AmbilAntrian.php', 33, [...])
 2 SYSTEMPATH\CodeIgniter.php(896): App\Controllers\AmbilAntrian->ambil()
 3 SYSTEMPATH\CodeIgniter.php(466): CodeIgniter\CodeIgniter->runController(Object(App\Controllers\AmbilAntrian))
 4 SYSTEMPATH\CodeIgniter.php(349): CodeIgniter\CodeIgniter->handleRequest(null, Object(Config\Cache), false)
 5 FCPATH\index.php(55): CodeIgniter\CodeIgniter->run()
CRITICAL - 2022-07-12 15:02:47 --> Undefined property: App\Controllers\AmbilAntrian::$antrian
in APPPATH\Controllers\AmbilAntrian.php on line 33.
 1 APPPATH\Controllers\AmbilAntrian.php(33): CodeIgniter\Debug\Exceptions->errorHandler(8, 'Undefined property: App\\Controllers\\AmbilAntrian::$antrian', 'APPPATH\\Controllers\\AmbilAntrian.php', 33, [...])
 2 SYSTEMPATH\CodeIgniter.php(896): App\Controllers\AmbilAntrian->ambil()
 3 SYSTEMPATH\CodeIgniter.php(466): CodeIgniter\CodeIgniter->runController(Object(App\Controllers\AmbilAntrian))
 4 SYSTEMPATH\CodeIgniter.php(349): CodeIgniter\CodeIgniter->handleRequest(null, Object(Config\Cache), false)
 5 FCPATH\index.php(55): CodeIgniter\CodeIgniter->run()
CRITICAL - 2022-07-12 15:07:31 --> Undefined property: App\Controllers\AmbilAntrian::$antrian
in APPPATH\Controllers\AmbilAntrian.php on line 33.
 1 APPPATH\Controllers\AmbilAntrian.php(33): CodeIgniter\Debug\Exceptions->errorHandler(8, 'Undefined property: App\\Controllers\\AmbilAntrian::$antrian', 'APPPATH\\Controllers\\AmbilAntrian.php', 33, [...])
 2 SYSTEMPATH\CodeIgniter.php(896): App\Controllers\AmbilAntrian->ambil()
 3 SYSTEMPATH\CodeIgniter.php(466): CodeIgniter\CodeIgniter->runController(Object(App\Controllers\AmbilAntrian))
 4 SYSTEMPATH\CodeIgniter.php(349): CodeIgniter\CodeIgniter->handleRequest(null, Object(Config\Cache), false)
 5 FCPATH\index.php(55): CodeIgniter\CodeIgniter->run()
